# JRE version: Java(TM) SE Runtime Environment (8.0_144-b01) (build 1.8.0_144-b01)
# Java VM: Java HotSpot(TM) 64-Bit Server VM (25.144-b01 mixed mode windows-amd64 compressed oops)
Heap:
 PSYoungGen      total 617984K, used 567568K [0x0000000780800000, 0x00000007aa980000, 0x00000007c0000000)
  eden space 568832K, 93% used [0x0000000780800000,0x00000007a0ddeb08,0x00000007a3380000)
  from space 49152K, 75% used [0x00000007a3380000,0x00000007a57e57e8,0x00000007a6380000)
  to   space 51200K, 0% used [0x00000007a7780000,0x00000007a7780000,0x00000007aa980000)
 ParOldGen       total 202240K, used 74353K [0x0000000701800000, 0x000000070dd80000, 0x0000000780800000)
  object space 202240K, 36% used [0x0000000701800000,0x000000070609c7d0,0x000000070dd80000)
 Metaspace       used 108990K, capacity 117058K, committed 117376K, reserved 1153024K
  class space    used 11800K, capacity 13072K, committed 13184K, reserved 1048576K
GC Heap History (10 events):
Event: 810.459 GC heap before
{Heap before GC invocations=35 (full 8):
 PSYoungGen      total 592384K, used 27454K [0x0000000780800000, 0x00000007a7900000, 0x00000007c0000000)
  eden space 545280K, 0% used [0x0000000780800000,0x0000000780800000,0x00000007a1c80000)
  from space 47104K, 58% used [0x00000007a1c80000,0x00000007a374f8f0,0x00000007a4a80000)
  to   space 46080K, 0% used [0x00000007a4c00000,0x00000007a4c00000,0x00000007a7900000)
 ParOldGen       total 202240K, used 59531K [0x0000000701800000, 0x000000070dd80000, 0x0000000780800000)
  object space 202240K, 29% used [0x0000000701800000,0x0000000705222e60,0x000000070dd80000)
 Metaspace       used 99653K, capacity 106374K, committed 106624K, reserved 1144832K
  class space    used 10980K, capacity 12082K, committed 12160K, reserved 1048576K
Event: 810.900 GC heap after
Heap after GC invocations=35 (full 8):
 PSYoungGen      total 592384K, used 0K [0x0000000780800000, 0x00000007a7900000, 0x00000007c0000000)
  eden space 545280K, 0% used [0x0000000780800000,0x0000000780800000,0x00000007a1c80000)
  from space 47104K, 0% used [0x00000007a1c80000,0x00000007a1c80000,0x00000007a4a80000)
  to   space 46080K, 0% used [0x00000007a4c00000,0x00000007a4c00000,0x00000007a7900000)
 ParOldGen       total 202240K, used 74321K [0x0000000701800000, 0x000000070dd80000, 0x0000000780800000)
  object space 202240K, 36% used [0x0000000701800000,0x00000007060947d0,0x000000070dd80000)
 Metaspace       used 99111K, capacity 105206K, committed 106624K, reserved 1144832K
  class space    used 10924K, capacity 11976K, committed 12160K, reserved 1048576K
}
Event: 815.698 GC heap before
{Heap before GC invocations=36 (full 8):
 PSYoungGen      total 592384K, used 545280K [0x0000000780800000, 0x00000007a7900000, 0x00000007c0000000)
  eden space 545280K, 100% used [0x0000000780800000,0x00000007a1c80000,0x00000007a1c80000)
  from space 47104K, 0% used [0x00000007a1c80000,0x00000007a1c80000,0x00000007a4a80000)
  to   space 46080K, 0% used [0x00000007a4c00000,0x00000007a4c00000,0x00000007a7900000)
 ParOldGen       total 202240K, used 74321K [0x0000000701800000, 0x000000070dd80000, 0x0000000780800000)
  object space 202240K, 36% used [0x0000000701800000,0x00000007060947d0,0x000000070dd80000)
 Metaspace       used 104153K, capacity 110494K, committed 110848K, reserved 1146880K
  class space    used 11334K, capacity 12424K, committed 12544K, reserved 1048576K
Event: 815.743 GC heap after
Heap after GC invocations=36 (full 8):
 PSYoungGen      total 592384K, used 33699K [0x0000000780800000, 0x00000007aa300000, 0x00000007c0000000)
  eden space 546304K, 0% used [0x0000000780800000,0x0000000780800000,0x00000007a1d80000)
  from space 46080K, 73% used [0x00000007a4c00000,0x00000007a6ce8f88,0x00000007a7900000)
  to   space 47616K, 0% used [0x00000007a1d80000,0x00000007a1d80000,0x00000007a4c00000)
 ParOldGen       total 202240K, used 74329K [0x0000000701800000, 0x000000070dd80000, 0x0000000780800000)
  object space 202240K, 36% used [0x0000000701800000,0x00000007060967d0,0x000000070dd80000)
 Metaspace       used 104153K, capacity 110494K, committed 110848K, reserved 1146880K
  class space    used 11334K, capacity 12424K, committed 12544K, reserved 1048576K
}
Event: 831.789 GC heap before
{Heap before GC invocations=37 (full 8):
 PSYoungGen      total 592384K, used 580003K [0x0000000780800000, 0x00000007aa300000, 0x00000007c0000000)
  eden space 546304K, 100% used [0x0000000780800000,0x00000007a1d80000,0x00000007a1d80000)
  from space 46080K, 73% used [0x00000007a4c00000,0x00000007a6ce8f88,0x00000007a7900000)
  to   space 47616K, 0% used [0x00000007a1d80000,0x00000007a1d80000,0x00000007a4c00000)
 ParOldGen       total 202240K, used 74329K [0x0000000701800000, 0x000000070dd80000, 0x0000000780800000)
  object space 202240K, 36% used [0x0000000701800000,0x00000007060967d0,0x000000070dd80000)
 Metaspace       used 106906K, capacity 113678K, committed 113792K, reserved 1150976K
  class space    used 11493K, capacity 12629K, committed 12672K, reserved 1048576K
Event: 831.827 GC heap after
Heap after GC invocations=37 (full 8):
 PSYoungGen      total 593920K, used 33155K [0x0000000780800000, 0x00000007aa000000, 0x00000007c0000000)
  eden space 546304K, 0% used [0x0000000780800000,0x0000000780800000,0x00000007a1d80000)
  from space 47616K, 69% used [0x00000007a1d80000,0x00000007a3de0e78,0x00000007a4c00000)
  to   space 48640K, 0% used [0x00000007a7080000,0x00000007a7080000,0x00000007aa000000)
 ParOldGen       total 202240K, used 74337K [0x0000000701800000, 0x000000070dd80000, 0x0000000780800000)
  object space 202240K, 36% used [0x0000000701800000,0x00000007060987d0,0x000000070dd80000)
 Metaspace       used 106906K, capacity 113678K, committed 113792K, reserved 1150976K
  class space    used 11493K, capacity 12629K, committed 12672K, reserved 1048576K
}
Event: 889.394 GC heap before
{Heap before GC invocations=38 (full 8):
 PSYoungGen      total 593920K, used 579459K [0x0000000780800000, 0x00000007aa000000, 0x00000007c0000000)
  eden space 546304K, 100% used [0x0000000780800000,0x00000007a1d80000,0x00000007a1d80000)
  from space 47616K, 69% used [0x00000007a1d80000,0x00000007a3de0e78,0x00000007a4c00000)
  to   space 48640K, 0% used [0x00000007a7080000,0x00000007a7080000,0x00000007aa000000)
 ParOldGen       total 202240K, used 74337K [0x0000000701800000, 0x000000070dd80000, 0x0000000780800000)
  object space 202240K, 36% used [0x0000000701800000,0x00000007060987d0,0x000000070dd80000)
 Metaspace       used 107899K, capacity 115536K, committed 115840K, reserved 1153024K
  class space    used 11644K, capacity 12878K, committed 12928K, reserved 1048576K
Event: 889.451 GC heap after
Heap after GC invocations=38 (full 8):
 PSYoungGen      total 604672K, used 34326K [0x0000000780800000, 0x00000007a9380000, 0x00000007c0000000)
  eden space 568832K, 0% used [0x0000000780800000,0x0000000780800000,0x00000007a3380000)
  from space 35840K, 95% used [0x00000007a7080000,0x00000007a92058f8,0x00000007a9380000)
  to   space 49152K, 0% used [0x00000007a3380000,0x00000007a3380000,0x00000007a6380000)
 ParOldGen       total 202240K, used 74345K [0x0000000701800000, 0x000000070dd80000, 0x0000000780800000)
  object space 202240K, 36% used [0x0000000701800000,0x000000070609a7d0,0x000000070dd80000)
 Metaspace       used 107899K, capacity 115536K, committed 115840K, reserved 1153024K
  class space    used 11644K, capacity 12878K, committed 12928K, reserved 1048576K
}
Event: 1054.663 GC heap before
{Heap before GC invocations=39 (full 8):
 PSYoungGen      total 604672K, used 603158K [0x0000000780800000, 0x00000007a9380000, 0x00000007c0000000)
  eden space 568832K, 100% used [0x0000000780800000,0x00000007a3380000,0x00000007a3380000)
  from space 35840K, 95% used [0x00000007a7080000,0x00000007a92058f8,0x00000007a9380000)
  to   space 49152K, 0% used [0x00000007a3380000,0x00000007a3380000,0x00000007a6380000)
 ParOldGen       total 202240K, used 74345K [0x0000000701800000, 0x000000070dd80000, 0x0000000780800000)
  object space 202240K, 36% used [0x0000000701800000,0x000000070609a7d0,0x000000070dd80000)
 Metaspace       used 108852K, capacity 116916K, committed 117120K, reserved 1153024K
  class space    used 11790K, capacity 13061K, committed 13184K, reserved 1048576K
Event: 1054.708 GC heap after
Heap after GC invocations=39 (full 8):
 PSYoungGen      total 617984K, used 37269K [0x0000000780800000, 0x00000007aa980000, 0x00000007c0000000)
  eden space 568832K, 0% used [0x0000000780800000,0x0000000780800000,0x00000007a3380000)
  from space 49152K, 75% used [0x00000007a3380000,0x00000007a57e57e8,0x00000007a6380000)
  to   space 51200K, 0% used [0x00000007a7780000,0x00000007a7780000,0x00000007aa980000)
 ParOldGen       total 202240K, used 74353K [0x0000000701800000, 0x000000070dd80000, 0x0000000780800000)
  object space 202240K, 36% used [0x0000000701800000,0x000000070609c7d0,0x000000070dd80000)
 Metaspace       used 108852K, capacity 116916K, committed 117120K, reserved 1153024K
  class space    used 11790K, capacity 13061K, committed 13184K, reserved 1048576K
}

