# JRE version: Java(TM) SE Runtime Environment (8.0_221-b11) (build 1.8.0_221-b11)
# Java VM: Java HotSpot(TM) 64-Bit Server VM (25.221-b11 mixed mode windows-amd64 compressed oops)
Heap:
 PSYoungGen      total 376320K, used 18400K [0x000000076b380000, 0x0000000784a80000, 0x00000007c0000000)
  eden space 338944K, 0% used [0x000000076b380000,0x000000076b380000,0x000000077fe80000)
  from space 37376K, 49% used [0x0000000782600000,0x00000007837f8000,0x0000000784a80000)
  to   space 38912K, 0% used [0x000000077fe80000,0x000000077fe80000,0x0000000782480000)
 ParOldGen       total 264192K, used 76389K [0x00000006c1a00000, 0x00000006d1c00000, 0x000000076b380000)
  object space 264192K, 28% used [0x00000006c1a00000,0x00000006c64996d8,0x00000006d1c00000)
 Metaspace       used 95561K, capacity 100362K, committed 100480K, reserved 1138688K
  class space    used 10452K, capacity 11348K, committed 11392K, reserved 1048576K
GC Heap History (10 events):
Event: 4006.857 GC heap after
Heap after GC invocations=34 (full 5):
 PSYoungGen      total 329728K, used 18683K [0x000000076b380000, 0x0000000782d00000, 0x00000007c0000000)
  eden space 310784K, 0% used [0x000000076b380000,0x000000076b380000,0x000000077e300000)
  from space 18944K, 98% used [0x000000077e300000,0x000000077f53eef8,0x000000077f580000)
  to   space 37888K, 0% used [0x0000000780800000,0x0000000780800000,0x0000000782d00000)
 ParOldGen       total 264192K, used 72063K [0x00000006c1a00000, 0x00000006d1c00000, 0x000000076b380000)
  object space 264192K, 27% used [0x00000006c1a00000,0x00000006c605fc60,0x00000006d1c00000)
 Metaspace       used 87259K, capacity 91964K, committed 92288K, reserved 1130496K
  class space    used 9889K, capacity 10759K, committed 10880K, reserved 1048576K
}
Event: 4006.857 GC heap before
{Heap before GC invocations=35 (full 6):
 PSYoungGen      total 329728K, used 18683K [0x000000076b380000, 0x0000000782d00000, 0x00000007c0000000)
  eden space 310784K, 0% used [0x000000076b380000,0x000000076b380000,0x000000077e300000)
  from space 18944K, 98% used [0x000000077e300000,0x000000077f53eef8,0x000000077f580000)
  to   space 37888K, 0% used [0x0000000780800000,0x0000000780800000,0x0000000782d00000)
 ParOldGen       total 264192K, used 72063K [0x00000006c1a00000, 0x00000006d1c00000, 0x000000076b380000)
  object space 264192K, 27% used [0x00000006c1a00000,0x00000006c605fc60,0x00000006d1c00000)
 Metaspace       used 87259K, capacity 91964K, committed 92288K, reserved 1130496K
  class space    used 9889K, capacity 10759K, committed 10880K, reserved 1048576K
Event: 4007.985 GC heap after
Heap after GC invocations=35 (full 6):
 PSYoungGen      total 329728K, used 0K [0x000000076b380000, 0x0000000782d00000, 0x00000007c0000000)
  eden space 310784K, 0% used [0x000000076b380000,0x000000076b380000,0x000000077e300000)
  from space 18944K, 0% used [0x000000077e300000,0x000000077e300000,0x000000077f580000)
  to   space 37888K, 0% used [0x0000000780800000,0x0000000780800000,0x0000000782d00000)
 ParOldGen       total 264192K, used 76365K [0x00000006c1a00000, 0x00000006d1c00000, 0x000000076b380000)
  object space 264192K, 28% used [0x00000006c1a00000,0x00000006c64936d8,0x00000006d1c00000)
 Metaspace       used 86905K, capacity 91400K, committed 92288K, reserved 1130496K
  class space    used 9835K, capacity 10660K, committed 10880K, reserved 1048576K
}
Event: 4012.853 GC heap before
{Heap before GC invocations=36 (full 6):
 PSYoungGen      total 329728K, used 310784K [0x000000076b380000, 0x0000000782d00000, 0x00000007c0000000)
  eden space 310784K, 100% used [0x000000076b380000,0x000000077e300000,0x000000077e300000)
  from space 18944K, 0% used [0x000000077e300000,0x000000077e300000,0x000000077f580000)
  to   space 37888K, 0% used [0x0000000780800000,0x0000000780800000,0x0000000782d00000)
 ParOldGen       total 264192K, used 76365K [0x00000006c1a00000, 0x00000006d1c00000, 0x000000076b380000)
  object space 264192K, 28% used [0x00000006c1a00000,0x00000006c64936d8,0x00000006d1c00000)
 Metaspace       used 90350K, capacity 94838K, committed 95616K, reserved 1134592K
  class space    used 10142K, capacity 10993K, committed 11136K, reserved 1048576K
Event: 4012.877 GC heap after
Heap after GC invocations=36 (full 6):
 PSYoungGen      total 349696K, used 15087K [0x000000076b380000, 0x0000000784280000, 0x00000007c0000000)
  eden space 311808K, 0% used [0x000000076b380000,0x000000076b380000,0x000000077e400000)
  from space 37888K, 39% used [0x0000000780800000,0x00000007816bbd38,0x0000000782d00000)
  to   space 36864K, 0% used [0x000000077e400000,0x000000077e400000,0x0000000780800000)
 ParOldGen       total 264192K, used 76373K [0x00000006c1a00000, 0x00000006d1c00000, 0x000000076b380000)
  object space 264192K, 28% used [0x00000006c1a00000,0x00000006c64956d8,0x00000006d1c00000)
 Metaspace       used 90350K, capacity 94838K, committed 95616K, reserved 1134592K
  class space    used 10142K, capacity 10993K, committed 11136K, reserved 1048576K
}
Event: 4015.868 GC heap before
{Heap before GC invocations=37 (full 6):
 PSYoungGen      total 349696K, used 326895K [0x000000076b380000, 0x0000000784280000, 0x00000007c0000000)
  eden space 311808K, 100% used [0x000000076b380000,0x000000077e400000,0x000000077e400000)
  from space 37888K, 39% used [0x0000000780800000,0x00000007816bbd38,0x0000000782d00000)
  to   space 36864K, 0% used [0x000000077e400000,0x000000077e400000,0x0000000780800000)
 ParOldGen       total 264192K, used 76373K [0x00000006c1a00000, 0x00000006d1c00000, 0x000000076b380000)
  object space 264192K, 28% used [0x00000006c1a00000,0x00000006c64956d8,0x00000006d1c00000)
 Metaspace       used 93281K, capacity 97862K, committed 98304K, reserved 1136640K
  class space    used 10314K, capacity 11165K, committed 11264K, reserved 1048576K
Event: 4015.913 GC heap after
Heap after GC invocations=37 (full 6):
 PSYoungGen      total 348672K, used 33367K [0x000000076b380000, 0x0000000784d80000, 0x00000007c0000000)
  eden space 311808K, 0% used [0x000000076b380000,0x000000076b380000,0x000000077e400000)
  from space 36864K, 90% used [0x000000077e400000,0x0000000780495c68,0x0000000780800000)
  to   space 40448K, 0% used [0x0000000782600000,0x0000000782600000,0x0000000784d80000)
 ParOldGen       total 264192K, used 76381K [0x00000006c1a00000, 0x00000006d1c00000, 0x000000076b380000)
  object space 264192K, 28% used [0x00000006c1a00000,0x00000006c64976d8,0x00000006d1c00000)
 Metaspace       used 93281K, capacity 97862K, committed 98304K, reserved 1136640K
  class space    used 10314K, capacity 11165K, committed 11264K, reserved 1048576K
}
Event: 4023.703 GC heap before
{Heap before GC invocations=38 (full 6):
 PSYoungGen      total 348672K, used 239858K [0x000000076b380000, 0x0000000784d80000, 0x00000007c0000000)
  eden space 311808K, 66% used [0x000000076b380000,0x0000000777d26da0,0x000000077e400000)
  from space 36864K, 90% used [0x000000077e400000,0x0000000780495c68,0x0000000780800000)
  to   space 40448K, 0% used [0x0000000782600000,0x0000000782600000,0x0000000784d80000)
 ParOldGen       total 264192K, used 76381K [0x00000006c1a00000, 0x00000006d1c00000, 0x000000076b380000)
  object space 264192K, 28% used [0x00000006c1a00000,0x00000006c64976d8,0x00000006d1c00000)
 Metaspace       used 95561K, capacity 100362K, committed 100480K, reserved 1138688K
  class space    used 10452K, capacity 11348K, committed 11392K, reserved 1048576K
Event: 4023.781 GC heap after
Heap after GC invocations=38 (full 6):
 PSYoungGen      total 376320K, used 18400K [0x000000076b380000, 0x0000000784a80000, 0x00000007c0000000)
  eden space 338944K, 0% used [0x000000076b380000,0x000000076b380000,0x000000077fe80000)
  from space 37376K, 49% used [0x0000000782600000,0x00000007837f8000,0x0000000784a80000)
  to   space 38912K, 0% used [0x000000077fe80000,0x000000077fe80000,0x0000000782480000)
 ParOldGen       total 264192K, used 76389K [0x00000006c1a00000, 0x00000006d1c00000, 0x000000076b380000)
  object space 264192K, 28% used [0x00000006c1a00000,0x00000006c64996d8,0x00000006d1c00000)
 Metaspace       used 95561K, capacity 100362K, committed 100480K, reserved 1138688K
  class space    used 10452K, capacity 11348K, committed 11392K, reserved 1048576K
}
Event: 4023.781 GC heap before
{Heap before GC invocations=39 (full 7):
 PSYoungGen      total 376320K, used 18400K [0x000000076b380000, 0x0000000784a80000, 0x00000007c0000000)
  eden space 338944K, 0% used [0x000000076b380000,0x000000076b380000,0x000000077fe80000)
  from space 37376K, 49% used [0x0000000782600000,0x00000007837f8000,0x0000000784a80000)
  to   space 38912K, 0% used [0x000000077fe80000,0x000000077fe80000,0x0000000782480000)
 ParOldGen       total 264192K, used 76389K [0x00000006c1a00000, 0x00000006d1c00000, 0x000000076b380000)
  object space 264192K, 28% used [0x00000006c1a00000,0x00000006c64996d8,0x00000006d1c00000)
 Metaspace       used 95561K, capacity 100362K, committed 100480K, reserved 1138688K
  class space    used 10452K, capacity 11348K, committed 11392K, reserved 1048576K

